[debug] [2022-05-30T00:15:57.056Z] ----------------------------------------------------------------------
[debug] [2022-05-30T00:15:57.060Z] Command:       C:\Program Files\nodejs\node.exe C:\Users\user\AppData\Roaming\npm\node_modules\firebase-tools\lib\bin\firebase.js deploy
[debug] [2022-05-30T00:15:57.061Z] CLI Version:   11.0.1
[debug] [2022-05-30T00:15:57.061Z] Platform:      win32
[debug] [2022-05-30T00:15:57.061Z] Node Version:  v16.15.0
[debug] [2022-05-30T00:15:57.063Z] Time:          Mon May 30 2022 09:15:57 GMT+0900 (日本標準時)
[debug] [2022-05-30T00:15:57.064Z] ----------------------------------------------------------------------
[debug] 
[debug] [2022-05-30T00:15:57.204Z] > command requires scopes: ["email","openid","https://www.googleapis.com/auth/cloudplatformprojects.readonly","https://www.googleapis.com/auth/firebase","https://www.googleapis.com/auth/cloud-platform"]
[debug] [2022-05-30T00:15:57.205Z] > authorizing via signed-in user (sn3187@gmail.com)
[debug] [2022-05-30T00:15:57.205Z] [iam] checking project react-youtube-284412 for permissions ["firebase.projects.get","firebasehosting.sites.update"]
[debug] [2022-05-30T00:15:57.208Z] > refreshing access token with scopes: []
[debug] [2022-05-30T00:15:57.209Z] >>> HTTP REQUEST POST https://www.googleapis.com/oauth2/v3/token  
 <request body omitted>
[debug] [2022-05-30T00:15:57.497Z] <<< HTTP RESPONSE 400 {"expires":"Mon, 01 Jan 1990 00:00:00 GMT","date":"Mon, 30 May 2022 00:15:58 GMT","pragma":"no-cache","cache-control":"no-cache, no-store, max-age=0, must-revalidate","content-type":"application/json; charset=utf-8","vary":"X-Origin, Referer, Origin,Accept-Encoding","server":"scaffolding on HTTPServer2","x-xss-protection":"0","x-frame-options":"SAMEORIGIN","x-content-type-options":"nosniff","alt-svc":"h3=\":443\"; ma=2592000,h3-29=\":443\"; ma=2592000,h3-Q050=\":443\"; ma=2592000,h3-Q046=\":443\"; ma=2592000,h3-Q043=\":443\"; ma=2592000,quic=\":443\"; ma=2592000; v=\"46,43\"","accept-ranges":"none","transfer-encoding":"chunked"}
[debug] [2022-05-30T00:15:57.502Z] >>> [apiv2][query] POST https://cloudresourcemanager.googleapis.com/v1/projects/react-youtube-284412:testIamPermissions [none]
[debug] [2022-05-30T00:15:57.502Z] >>> [apiv2][body] POST https://cloudresourcemanager.googleapis.com/v1/projects/react-youtube-284412:testIamPermissions {"permissions":["firebase.projects.get","firebasehosting.sites.update"]}
[debug] [2022-05-30T00:15:58.383Z] <<< [apiv2][status] POST https://cloudresourcemanager.googleapis.com/v1/projects/react-youtube-284412:testIamPermissions 401
[debug] [2022-05-30T00:15:58.383Z] <<< [apiv2][body] POST https://cloudresourcemanager.googleapis.com/v1/projects/react-youtube-284412:testIamPermissions {"error":{"code":401,"message":"Request had invalid authentication credentials. Expected OAuth 2 access token, login cookie or other valid authentication credential. See https://developers.google.com/identity/sign-in/web/devconsole-project.","status":"UNAUTHENTICATED","details":[{"@type":"type.googleapis.com/google.rpc.ErrorInfo","reason":"ACCESS_TOKEN_TYPE_UNSUPPORTED","metadata":{"method":"google.cloudresourcemanager.v1.Projects.TestIamPermissions","service":"cloudresourcemanager.googleapis.com"}}]}}
[debug] [2022-05-30T00:15:58.385Z] [iam] error while checking permissions, command may fail: FirebaseError: HTTP Error: 401, Request had invalid authentication credentials. Expected OAuth 2 access token, login cookie or other valid authentication credential. See https://developers.google.com/identity/sign-in/web/devconsole-project.
[debug] [2022-05-30T00:15:58.386Z] > refreshing access token with scopes: []
[debug] [2022-05-30T00:15:58.386Z] >>> HTTP REQUEST POST https://www.googleapis.com/oauth2/v3/token  
 <request body omitted>
[debug] [2022-05-30T00:15:58.500Z] <<< HTTP RESPONSE 400 {"expires":"Mon, 01 Jan 1990 00:00:00 GMT","cache-control":"no-cache, no-store, max-age=0, must-revalidate","pragma":"no-cache","date":"Mon, 30 May 2022 00:15:59 GMT","content-type":"application/json; charset=utf-8","vary":"X-Origin, Referer, Origin,Accept-Encoding","server":"scaffolding on HTTPServer2","x-xss-protection":"0","x-frame-options":"SAMEORIGIN","x-content-type-options":"nosniff","alt-svc":"h3=\":443\"; ma=2592000,h3-29=\":443\"; ma=2592000,h3-Q050=\":443\"; ma=2592000,h3-Q046=\":443\"; ma=2592000,h3-Q043=\":443\"; ma=2592000,quic=\":443\"; ma=2592000; v=\"46,43\"","accept-ranges":"none","transfer-encoding":"chunked"}
[debug] [2022-05-30T00:15:58.507Z] >>> [apiv2][query] GET https://firebase.googleapis.com/v1beta1/projects/react-youtube-284412 [none]
[debug] [2022-05-30T00:15:58.652Z] <<< [apiv2][status] GET https://firebase.googleapis.com/v1beta1/projects/react-youtube-284412 401
[debug] [2022-05-30T00:15:58.653Z] <<< [apiv2][body] GET https://firebase.googleapis.com/v1beta1/projects/react-youtube-284412 {"error":{"code":401,"message":"Request had invalid authentication credentials. Expected OAuth 2 access token, login cookie or other valid authentication credential. See https://developers.google.com/identity/sign-in/web/devconsole-project.","status":"UNAUTHENTICATED"}}
[debug] [2022-05-30T00:15:58.654Z] HTTP Error: 401, Request had invalid authentication credentials. Expected OAuth 2 access token, login cookie or other valid authentication credential. See https://developers.google.com/identity/sign-in/web/devconsole-project.
[debug] [2022-05-30T00:15:58.836Z] FirebaseError: HTTP Error: 401, Request had invalid authentication credentials. Expected OAuth 2 access token, login cookie or other valid authentication credential. See https://developers.google.com/identity/sign-in/web/devconsole-project.
    at module.exports (C:\Users\user\AppData\Roaming\npm\node_modules\firebase-tools\lib\responseToError.js:47:12)
    at RetryOperation._fn (C:\Users\user\AppData\Roaming\npm\node_modules\firebase-tools\lib\apiv2.js:286:39)
    at processTicksAndRejections (node:internal/process/task_queues:96:5)
[error] 
[error] Error: Failed to get Firebase project react-youtube-284412. Please make sure the project exists and your account has permission to access it.
